<?xml version="1.0" encoding="UTF-8"?>
<testsuite name="Selección de fecha en el calendario" tests="3" skipped="0" failures="1" errors="0" timestamp="2025-09-27T00:36:42" hostname="DESKTOP-6H0PHFU" time="21.757">
  <properties/>
  <testcase name="Reserva de una cita seleccionando una fecha en el calendario" classname="Selección de fecha en el calendario" time="10.165"/>
  <testcase name="Selección de una fecha específica en un mes diferente" classname="Selección de fecha en el calendario" time="6.825"/>
  <testcase name="Validación de campo bloqueado" classname="Selección de fecha en el calendario" time="4.767">
    <failure message="org.junit.ComparisonFailure: [El campo debería estar bloqueado y no permitir edición] expected:&lt;&quot;[]&quot;&gt; but was:&lt;&quot;[01/01/2025]&quot;&gt;" type="org.junit.ComparisonFailure">org.junit.ComparisonFailure: [El campo debería estar bloqueado y no permitir edición] expected:&lt;&quot;[]&quot;&gt; but was:&lt;&quot;[01/01/2025]&quot;&gt;
	at java.base/jdk.internal.reflect.NativeConstructorAccessorImpl.newInstance0(Native Method)
	at java.base/jdk.internal.reflect.NativeConstructorAccessorImpl.newInstance(NativeConstructorAccessorImpl.java:62)
	at java.base/jdk.internal.reflect.DelegatingConstructorAccessorImpl.newInstance(DelegatingConstructorAccessorImpl.java:45)
	at co.sqasa.Steps.Steps.intentarEditarCampoFecha(Steps.java:70)
	at co.sqasa.Steps.Steps$ByteBuddy$9Q9qy1F9.intentarEditarCampoFecha$accessor$xhYjy0qG(Unknown Source)
	at java.base/jdk.internal.reflect.NativeMethodAccessorImpl.invoke0(Native Method)
	at java.base/jdk.internal.reflect.NativeMethodAccessorImpl.invoke(NativeMethodAccessorImpl.java:62)
	at java.base/jdk.internal.reflect.DelegatingMethodAccessorImpl.invoke(DelegatingMethodAccessorImpl.java:43)
	at java.base/java.lang.reflect.Method.invoke(Method.java:566)
	at net.thucydides.core.steps.StepInterceptor.invokeMethod(StepInterceptor.java:504)
	at net.thucydides.core.steps.StepInterceptor.executeTestStepMethod(StepInterceptor.java:484)
	at net.thucydides.core.steps.StepInterceptor.runTestStep(StepInterceptor.java:458)
	at net.thucydides.core.steps.StepInterceptor.runOrSkipMethod(StepInterceptor.java:210)
	at net.thucydides.core.steps.StepInterceptor.testStepResult(StepInterceptor.java:197)
	at net.thucydides.core.steps.StepInterceptor.intercept(StepInterceptor.java:85)
	at net.thucydides.core.steps.ProxyConfiguration$InterceptorDispatcher.intercept(ProxyConfiguration.java:51)
	at co.sqasa.Steps.Steps$ByteBuddy$9Q9qy1F9.intentarEditarCampoFecha(Unknown Source)
	at co.sqasa.StepDef.TestStepDefinition.intentoIngresarFechaManual(TestStepDefinition.java:57)
	at ✽.intento ingresar una fecha manualmente en el campo de texto(file:///C:/Users/Jonathan/Desktop/Nueva%20carpeta%20(2)/src/test/resources/features/tes.feature:25)
</failure>
  </testcase>
  <system-out><![CDATA[
@Scenario1
Scenario: Reserva de una cita seleccionando una fecha en el calendario ?[90m# src/test/resources/features/tes.feature:4?[0m
  ?[32mGiven ?[0m?[32mque estoy en la página principal de JQuery Datepicker?[0m          ?[90m# co.sqasa.StepDef.TestStepDefinition.queEstoyEnLaPaginaPrincipal()?[0m
  ?[32mWhen ?[0m?[32mcambio al iframe del calendario?[0m                                 ?[90m# co.sqasa.StepDef.TestStepDefinition.cambioAlIframeDelCalendario()?[0m
  ?[32mAnd ?[0m?[32mhago clic en el campo de selección de fecha?[0m                      ?[90m# co.sqasa.StepDef.TestStepDefinition.hagoClicEnElCampoDeSeleccionDeFecha()?[0m
  ?[32mAnd ?[0m?[32mselecciono el día ?[0m?[32m?[1m15?[0m?[32m del mes actual?[0m                              ?[90m# co.sqasa.StepDef.TestStepDefinition.seleccionoElDiaDelMesActual(int)?[0m
  ?[32mThen ?[0m?[32mla fecha seleccionada debe aparecer en el campo de texto?[0m        ?[90m# co.sqasa.StepDef.TestStepDefinition.laFechaSeleccionadaDebeAparecerEnElCampoDeTexto()?[0m

@Scenario2
Scenario: Selección de una fecha específica en un mes diferente ?[90m# src/test/resources/features/tes.feature:12?[0m
  ?[32mGiven ?[0m?[32mque estoy en la página principal de JQuery Datepicker?[0m   ?[90m# co.sqasa.StepDef.TestStepDefinition.queEstoyEnLaPaginaPrincipal()?[0m
  ?[32mWhen ?[0m?[32mcambio al iframe del calendario?[0m                          ?[90m# co.sqasa.StepDef.TestStepDefinition.cambioAlIframeDelCalendario()?[0m
  ?[32mAnd ?[0m?[32mhago clic en el campo de selección de fecha?[0m               ?[90m# co.sqasa.StepDef.TestStepDefinition.hagoClicEnElCampoDeSeleccionDeFecha()?[0m
  ?[32mAnd ?[0m?[32mhago clic en el campo de cambio de mes?[0m                    ?[90m# co.sqasa.StepDef.TestStepDefinition.CambiarMes()?[0m
  ?[32mAnd ?[0m?[32mselecciono el día ?[0m?[32m?[1m10?[0m?[32m del mes actual?[0m                       ?[90m# co.sqasa.StepDef.TestStepDefinition.seleccionoElDiaDelMesActual(int)?[0m
  ?[32mThen ?[0m?[32mla fecha seleccionada debe aparecer en el campo de texto?[0m ?[90m# co.sqasa.StepDef.TestStepDefinition.laFechaSeleccionadaDebeAparecerEnElCampoDeTexto()?[0m

@Scenario3
Scenario: Validación de campo bloqueado                           ?[90m# src/test/resources/features/tes.feature:22?[0m
  ?[32mGiven ?[0m?[32mque estoy en la página principal de JQuery Datepicker?[0m     ?[90m# co.sqasa.StepDef.TestStepDefinition.queEstoyEnLaPaginaPrincipal()?[0m
  ?[32mWhen ?[0m?[32mcambio al iframe del calendario?[0m                            ?[90m# co.sqasa.StepDef.TestStepDefinition.cambioAlIframeDelCalendario()?[0m
  ?[31mAnd ?[0m?[31mintento ingresar una fecha manualmente en el campo de texto?[0m ?[90m# co.sqasa.StepDef.TestStepDefinition.intentoIngresarFechaManual()?[0m
      ?[31morg.junit.ComparisonFailure: [El campo debería estar bloqueado y no permitir edición] expected:<"[]"> but was:<"[01/01/2025]">
	at java.base/jdk.internal.reflect.NativeConstructorAccessorImpl.newInstance0(Native Method)
	at java.base/jdk.internal.reflect.NativeConstructorAccessorImpl.newInstance(NativeConstructorAccessorImpl.java:62)
	at java.base/jdk.internal.reflect.DelegatingConstructorAccessorImpl.newInstance(DelegatingConstructorAccessorImpl.java:45)
	at co.sqasa.Steps.Steps.intentarEditarCampoFecha(Steps.java:70)
	at co.sqasa.Steps.Steps$ByteBuddy$9Q9qy1F9.intentarEditarCampoFecha$accessor$xhYjy0qG(Unknown Source)
	at java.base/jdk.internal.reflect.NativeMethodAccessorImpl.invoke0(Native Method)
	at java.base/jdk.internal.reflect.NativeMethodAccessorImpl.invoke(NativeMethodAccessorImpl.java:62)
	at java.base/jdk.internal.reflect.DelegatingMethodAccessorImpl.invoke(DelegatingMethodAccessorImpl.java:43)
	at java.base/java.lang.reflect.Method.invoke(Method.java:566)
	at net.thucydides.core.steps.StepInterceptor.invokeMethod(StepInterceptor.java:504)
	at net.thucydides.core.steps.StepInterceptor.executeTestStepMethod(StepInterceptor.java:484)
	at net.thucydides.core.steps.StepInterceptor.runTestStep(StepInterceptor.java:458)
	at net.thucydides.core.steps.StepInterceptor.runOrSkipMethod(StepInterceptor.java:210)
	at net.thucydides.core.steps.StepInterceptor.testStepResult(StepInterceptor.java:197)
	at net.thucydides.core.steps.StepInterceptor.intercept(StepInterceptor.java:85)
	at net.thucydides.core.steps.ProxyConfiguration$InterceptorDispatcher.intercept(ProxyConfiguration.java:51)
	at co.sqasa.Steps.Steps$ByteBuddy$9Q9qy1F9.intentarEditarCampoFecha(Unknown Source)
	at co.sqasa.StepDef.TestStepDefinition.intentoIngresarFechaManual(TestStepDefinition.java:57)
	at ✽.intento ingresar una fecha manualmente en el campo de texto(file:///C:/Users/Jonathan/Desktop/Nueva%20carpeta%20(2)/src/test/resources/features/tes.feature:25)
?[0m
  ?[36mThen ?[0m?[36mla edición manual no debe ser permitida?[0m                    ?[90m# co.sqasa.StepDef.TestStepDefinition.validacionCampoBloqueado()?[0m
]]></system-out>
  <system-err><![CDATA[[Test worker] INFO io.cucumber.core.plugin.SerenityReporter - Running feature from file:///C:/Users/Jonathan/Desktop/Nueva%20carpeta%20(2)/src/test/resources/features/tes.feature
[Test worker] INFO  - 
  _____   ___   ___   _____     ___   _____     _     ___   _____   ___   ___  
 |_   _| | __| / __| |_   _|   / __| |_   _|   /_\   | _ \ |_   _| | __| |   \ 
   | |   | _|  \__ \   | |     \__ \   | |    / _ \  |   /   | |   | _|  | |) |
   |_|   |___| |___/   |_|     |___/   |_|   /_/ \_\ |_|_\   |_|   |___| |___/ 

Reserva de una cita seleccionando una fecha en el calendario(selección-de-fecha-en-el-calendario;reserva-de-una-cita-seleccionando-una-fecha-en-el-calendario)
--------------------------------------------------------------------------------
[Test worker] INFO net.thucydides.core.model.TestOutcome - SetUserStory Selección de fecha en el calendario
[Test worker] INFO net.thucydides.core.model.TestOutcome - SetUserStory Selección de fecha en el calendario
[Test worker] INFO net.serenitybdd.core.webdriver.driverproviders.ChromeDriverProvider - Not using automatically driver download
[Test worker] INFO net.serenitybdd.core.webdriver.driverproviders.ProvideNewDriver - Instantiating driver
[Test worker] INFO net.serenitybdd.core.webdriver.driverproviders.ProvideNewDriver - Driver capabilities: Capabilities {acceptInsecureCerts: false, autodownload: false, browserName: chrome, chrome.driver: drivers/chromedriver.exe, driver: chrome, goog:chromeOptions: {args: [--start-maximized --disable...], extensions: []}, loggingPrefs: org.openqa.selenium.logging..., timeouts.implicitlywait: 10000}
Starting ChromeDriver 140.0.7339.207 (17230b545fd18b35aad49122e5af97a463bc7a9c-refs/branch-heads/7339@{#2364}) on port 22478
Only local connections are allowed.
Please see https://chromedriver.chromium.org/security-considerations for suggestions on keeping ChromeDriver safe.
ChromeDriver was started successfully on port 22478.
sept. 26, 2025 7:36:47 P. M. org.openqa.selenium.remote.ProtocolHandshake createSession
INFO: Detected dialect: W3C
[Test worker] INFO  - 
  _____   ___   ___   _____     ___     _     ___   ___   ___   ___  
 |_   _| | __| / __| |_   _|   | _ \   /_\   / __| / __| | __| |   \ 
   | |   | _|  \__ \   | |     |  _/  / _ \  \__ \ \__ \ | _|  | |) |
   |_|   |___| |___/   |_|     |_|   /_/ \_\ |___/ |___/ |___| |___/ 

Reserva de una cita seleccionando una fecha en el calendario
----------------------------------------------------------------------
[Test worker] INFO io.cucumber.core.plugin.SerenityReporter - Running feature from file:///C:/Users/Jonathan/Desktop/Nueva%20carpeta%20(2)/src/test/resources/features/tes.feature
[Test worker] INFO  - 
  _____   ___   ___   _____     ___   _____     _     ___   _____   ___   ___  
 |_   _| | __| / __| |_   _|   / __| |_   _|   /_\   | _ \ |_   _| | __| |   \ 
   | |   | _|  \__ \   | |     \__ \   | |    / _ \  |   /   | |   | _|  | |) |
   |_|   |___| |___/   |_|     |___/   |_|   /_/ \_\ |_|_\   |_|   |___| |___/ 

Selección de una fecha específica en un mes diferente(selección-de-fecha-en-el-calendario;selección-de-una-fecha-específica-en-un-mes-diferente)
--------------------------------------------------------------------------------
[Test worker] INFO net.thucydides.core.model.TestOutcome - SetUserStory Selección de fecha en el calendario
[Test worker] INFO net.thucydides.core.model.TestOutcome - SetUserStory Selección de fecha en el calendario
[Test worker] INFO net.serenitybdd.core.webdriver.driverproviders.ChromeDriverProvider - Not using automatically driver download
[Test worker] INFO net.serenitybdd.core.webdriver.driverproviders.ProvideNewDriver - Instantiating driver
[Test worker] INFO net.serenitybdd.core.webdriver.driverproviders.ProvideNewDriver - Driver capabilities: Capabilities {acceptInsecureCerts: false, autodownload: false, browserName: chrome, chrome.driver: drivers/chromedriver.exe, driver: chrome, goog:chromeOptions: {args: [--start-maximized --disable...], extensions: []}, loggingPrefs: org.openqa.selenium.logging..., timeouts.implicitlywait: 10000}
Starting ChromeDriver 140.0.7339.207 (17230b545fd18b35aad49122e5af97a463bc7a9c-refs/branch-heads/7339@{#2364}) on port 11327
Only local connections are allowed.
Please see https://chromedriver.chromium.org/security-considerations for suggestions on keeping ChromeDriver safe.
ChromeDriver was started successfully on port 11327.
sept. 26, 2025 7:36:55 P. M. org.openqa.selenium.remote.ProtocolHandshake createSession
INFO: Detected dialect: W3C
[Test worker] INFO  - 
  _____   ___   ___   _____     ___     _     ___   ___   ___   ___  
 |_   _| | __| / __| |_   _|   | _ \   /_\   / __| / __| | __| |   \ 
   | |   | _|  \__ \   | |     |  _/  / _ \  \__ \ \__ \ | _|  | |) |
   |_|   |___| |___/   |_|     |_|   /_/ \_\ |___/ |___/ |___| |___/ 

Selección de una fecha específica en un mes diferente
----------------------------------------------------------------------
[Test worker] INFO io.cucumber.core.plugin.SerenityReporter - Running feature from file:///C:/Users/Jonathan/Desktop/Nueva%20carpeta%20(2)/src/test/resources/features/tes.feature
[Test worker] INFO  - 
  _____   ___   ___   _____     ___   _____     _     ___   _____   ___   ___  
 |_   _| | __| / __| |_   _|   / __| |_   _|   /_\   | _ \ |_   _| | __| |   \ 
   | |   | _|  \__ \   | |     \__ \   | |    / _ \  |   /   | |   | _|  | |) |
   |_|   |___| |___/   |_|     |___/   |_|   /_/ \_\ |_|_\   |_|   |___| |___/ 

Validación de campo bloqueado(selección-de-fecha-en-el-calendario;validación-de-campo-bloqueado)
--------------------------------------------------------------------------------
[Test worker] INFO net.thucydides.core.model.TestOutcome - SetUserStory Selección de fecha en el calendario
[Test worker] INFO net.thucydides.core.model.TestOutcome - SetUserStory Selección de fecha en el calendario
[Test worker] INFO net.serenitybdd.core.webdriver.driverproviders.ChromeDriverProvider - Not using automatically driver download
[Test worker] INFO net.serenitybdd.core.webdriver.driverproviders.ProvideNewDriver - Instantiating driver
[Test worker] INFO net.serenitybdd.core.webdriver.driverproviders.ProvideNewDriver - Driver capabilities: Capabilities {acceptInsecureCerts: false, autodownload: false, browserName: chrome, chrome.driver: drivers/chromedriver.exe, driver: chrome, goog:chromeOptions: {args: [--start-maximized --disable...], extensions: []}, loggingPrefs: org.openqa.selenium.logging..., timeouts.implicitlywait: 10000}
Starting ChromeDriver 140.0.7339.207 (17230b545fd18b35aad49122e5af97a463bc7a9c-refs/branch-heads/7339@{#2364}) on port 40028
Only local connections are allowed.
Please see https://chromedriver.chromium.org/security-considerations for suggestions on keeping ChromeDriver safe.
ChromeDriver was started successfully on port 40028.
sept. 26, 2025 7:37:01 P. M. org.openqa.selenium.remote.ProtocolHandshake createSession
INFO: Detected dialect: W3C
[Test worker] ERROR  - 
  _____   ___   ___   _____     ___     _     ___   _      ___   ___  
 |_   _| | __| / __| |_   _|   | __|   /_\   |_ _| | |    | __| |   \ 
   | |   | _|  \__ \   | |     | _|   / _ \   | |  | |__  | _|  | |) |
   |_|   |___| |___/   |_|     |_|   /_/ \_\ |___| |____| |___| |___/ 

Validación de campo bloqueado
-----------------------------------------------------------------------
[Test worker] ERROR  -     Test failed at step: Intentar ingresar una fecha manualmente en el campo de texto
[Test worker] ERROR  -     [El campo debería estar bloqueado y no permitir edición] expected:<"[]"> but was:<"[01/01/2025]">
]]></system-err>
</testsuite>
