<?xml version="1.0" encoding="UTF-8"?>
<testsuite name="co.sqasa.runners.testRunner" tests="0" skipped="0" failures="0" errors="0" timestamp="1970-01-01T00:00:00" hostname="DESKTOP-6H0PHFU" time="0.0">
  <properties/>
  <system-out><![CDATA[
?[31mFailed scenarios:?[0m
file:///C:/Users/Jonathan/Desktop/Nueva%20carpeta%20(2)/src/test/resources/features/tes.feature:22 # Validación de campo bloqueado

3 Scenarios (?[31m1 failed?[0m, ?[32m2 passed?[0m)
15 Steps (?[31m1 failed?[0m, ?[36m1 skipped?[0m, ?[32m13 passed?[0m)
0m22,097s


org.junit.ComparisonFailure: [El campo debería estar bloqueado y no permitir edición] expected:<"[]"> but was:<"[01/01/2025]">
	at java.base/jdk.internal.reflect.NativeConstructorAccessorImpl.newInstance0(Native Method)
	at java.base/jdk.internal.reflect.NativeConstructorAccessorImpl.newInstance(NativeConstructorAccessorImpl.java:62)
	at java.base/jdk.internal.reflect.DelegatingConstructorAccessorImpl.newInstance(DelegatingConstructorAccessorImpl.java:45)
	at co.sqasa.Steps.Steps.intentarEditarCampoFecha(Steps.java:70)
	at co.sqasa.Steps.Steps$ByteBuddy$9Q9qy1F9.intentarEditarCampoFecha$accessor$xhYjy0qG(Unknown Source)
	at java.base/jdk.internal.reflect.NativeMethodAccessorImpl.invoke0(Native Method)
	at java.base/jdk.internal.reflect.NativeMethodAccessorImpl.invoke(NativeMethodAccessorImpl.java:62)
	at java.base/jdk.internal.reflect.DelegatingMethodAccessorImpl.invoke(DelegatingMethodAccessorImpl.java:43)
	at java.base/java.lang.reflect.Method.invoke(Method.java:566)
	at net.thucydides.core.steps.StepInterceptor.invokeMethod(StepInterceptor.java:504)
	at net.thucydides.core.steps.StepInterceptor.executeTestStepMethod(StepInterceptor.java:484)
	at net.thucydides.core.steps.StepInterceptor.runTestStep(StepInterceptor.java:458)
	at net.thucydides.core.steps.StepInterceptor.runOrSkipMethod(StepInterceptor.java:210)
	at net.thucydides.core.steps.StepInterceptor.testStepResult(StepInterceptor.java:197)
	at net.thucydides.core.steps.StepInterceptor.intercept(StepInterceptor.java:85)
	at net.thucydides.core.steps.ProxyConfiguration$InterceptorDispatcher.intercept(ProxyConfiguration.java:51)
	at co.sqasa.Steps.Steps$ByteBuddy$9Q9qy1F9.intentarEditarCampoFecha(Unknown Source)
	at co.sqasa.StepDef.TestStepDefinition.intentoIngresarFechaManual(TestStepDefinition.java:57)
	at ✽.intento ingresar una fecha manualmente en el campo de texto(file:///C:/Users/Jonathan/Desktop/Nueva%20carpeta%20(2)/src/test/resources/features/tes.feature:25)


]]></system-out>
  <system-err><![CDATA[[Test worker] INFO io.cucumber.core.plugin.SerenityReporter - Running feature from file:///C:/Users/Jonathan/Desktop/Nueva%20carpeta%20(2)/src/test/resources/features/tes.feature
[Test worker] INFO  - 

-------------------------------------------------------------------------------------
     _______. _______ .______       _______ .__   __.  __  .___________.____    ____ 
    /       ||   ____||   _  \     |   ____||  \ |  | |  | |           |\   \  /   / 
   |   (----`|  |__   |  |_)  |    |  |__   |   \|  | |  | `---|  |----` \   \/   /  
    \   \    |   __|  |      /     |   __|  |  . `  | |  |     |  |       \_    _/   
.----)   |   |  |____ |  |\  \----.|  |____ |  |\   | |  |     |  |         |  |     
|_______/    |_______|| _| `._____||_______||__| \__| |__|     |__|         |__|    
                                                                                     
 News and tutorials at http://www.serenity-bdd.info                                  
 Documentation at https://wakaleo.gitbooks.io/the-serenity-book/content/             
 Join the Serenity Community on Gitter: https://gitter.im/serenity-bdd/serenity-core 
 Serenity BDD Support and Training at http://serenity-bdd.info/#/trainingandsupport  
-------------------------------------------------------------------------------------

[Test worker] INFO  - Test Suite Started: Selección de fecha en el calendario
[pool-1-thread-1] INFO net.thucydides.core.reports.ReportService - net.thucydides.core.reports.json.JSONTestOutcomeReporter@4382bf2: Generating report for test outcome: Selección de fecha en el calendario:Reserva de una cita seleccionando una fecha en el calendario
[pool-1-thread-2] INFO net.thucydides.core.reports.ReportService - net.thucydides.core.reports.json.JSONTestOutcomeReporter@4382bf2: Generating report for test outcome: Selección de fecha en el calendario:Selección de una fecha específica en un mes diferente
[pool-1-thread-3] INFO net.thucydides.core.reports.ReportService - net.thucydides.core.reports.json.JSONTestOutcomeReporter@4382bf2: Generating report for test outcome: Selección de fecha en el calendario:Validación de campo bloqueado
[pool-2-thread-1] INFO net.thucydides.core.reports.ReportService - net.thucydides.core.reports.html.HtmlAcceptanceTestReporter@4bfaee12: Generating report for test outcome: Selección de fecha en el calendario:Reserva de una cita seleccionando una fecha en el calendario
[pool-2-thread-3] INFO net.thucydides.core.reports.ReportService - net.thucydides.core.reports.html.HtmlAcceptanceTestReporter@4bfaee12: Generating report for test outcome: Selección de fecha en el calendario:Validación de campo bloqueado
[pool-2-thread-2] INFO net.thucydides.core.reports.ReportService - net.thucydides.core.reports.html.HtmlAcceptanceTestReporter@4bfaee12: Generating report for test outcome: Selección de fecha en el calendario:Selección de una fecha específica en un mes diferente
[Test worker] INFO io.cucumber.core.plugin.SerenityReporter - Cleanup test resources for URI file:///C:/Users/Jonathan/Desktop/Nueva%20carpeta%20(2)/src/test/resources/features/tes.feature
]]></system-err>
</testsuite>
