<?xml version="1.0" encoding="UTF-8"?><testsuite errors="0" failures="1" name="Selección de fecha en el calendario" skipped="0" tests="3" time="20.06" timestamp="2025-09-26 07:36:43"><testcase name="Reserva de una cita seleccionando una fecha en el calendario"/><testcase name="Selección de una fecha específica en un mes diferente"/><testcase name="Validación de campo bloqueado"><failure message="[El campo debería estar bloqueado y no permitir edición] expected:&lt;&quot;[]&quot;&gt; but was:&lt;&quot;[01/01/2025]&quot;&gt;" type="java.lang.AssertionError">[El campo debería estar bloqueado y no permitir edición] expected:&lt;"[]"&gt; but was:&lt;"[01/01/2025]"&gt;</failure><system-err>[El campo debería estar bloqueado y no permitir edición] expected:&lt;"[]"&gt; but was:&lt;"[01/01/2025]"&gt;&#13;
co.sqasa.Steps.Steps.intentarEditarCampoFecha(Steps.java:70)&#13;
co.sqasa.StepDef.TestStepDefinition.intentoIngresarFechaManual(TestStepDefinition.java:57)&#13;
✽.intento ingresar una fecha manualmente en el campo de texto(file:///C:/Users/Jonathan/Desktop/Nueva%20carpeta%20(2)/src/test/resources/features/tes.feature:25)&#13;
</system-err></testcase></testsuite>